<?xml version="1.0" encoding="UTF-8" ?>
<testsuites name="vitest tests" tests="2" failures="2" errors="0" time="5.109">
    <testsuite name="src/App.test.jsx" timestamp="2026-06-18T10:17:52.145Z" hostname="Trivekram-PC" tests="1" failures="1" errors="0" skipped="0" time="0.075">
        <testcase classname="src/App.test.jsx" name="App Component &gt; should render without crashing" time="0.071">
            <failure message="React is not defined" type="ReferenceError">
ReferenceError: React is not defined
 ❯ src/App.test.jsx:7:12
            </failure>
        </testcase>
    </testsuite>
    <testsuite name="src/components/Header.test.js" timestamp="2026-06-18T10:17:52.165Z" hostname="Trivekram-PC" tests="1" failures="1" errors="0" skipped="0" time="0">
        <testcase classname="src/components/Header.test.js" name="src/components/Header.test.js" time="0">
            <failure message="Expression expected" type="Error">
Error: Expression expected
 ❯ getRollupError node_modules/rollup/dist/es/shared/parseAst.js:317:41
 ❯ convertProgram node_modules/rollup/dist/es/shared/parseAst.js:1132:26
 ❯ parseAstAsync node_modules/rollup/dist/es/shared/parseAst.js:2122:106
 ❯ ssrTransformScript node_modules/vitest/node_modules/vite/dist/node/chunks/dep-BK3b2jBa.js:52430:11
 ❯ loadAndTransform node_modules/vitest/node_modules/vite/dist/node/chunks/dep-BK3b2jBa.js:52028:72
            </failure>
        </testcase>
    </testsuite>
</testsuites>
